2023-11-20 09:22:08,940{GMT}	INFO	[jepsen test runner] jepsen.core: Test version 626c60a7fa22183cc33d68c31c93141532d942b8 (plus uncommitted changes)
2023-11-20 09:22:08,941{GMT}	INFO	[jepsen test runner] jepsen.core: Command line:
lein run test -w unique-ids --bin /Users/opsparkowl/go/bin/maelstrom-unique-ids --time-limit 30 --rate 1000 --node-count 3 --availability total --nemesis partition
2023-11-20 09:22:09,015{GMT}	INFO	[jepsen test runner] jepsen.core: Running test:
{:args []
 :remote
 #jepsen.control.retry.Remote{:remote #jepsen.control.scp.Remote{:cmd-remote #jepsen.control.sshj.SSHJRemote{:concurrency-limit 6,
                                                                                                             :conn-spec nil,
                                                                                                             :client nil,
                                                                                                             :semaphore nil},
                                                                 :conn-spec nil},
                              :conn nil}
 :log-net-send false
 :node-count 3
 :availability :total
 :max-txn-length 4
 :concurrency 3
 :db
 #object[maelstrom.db$db$reify__16142
         "0x2c9573f1"
         "maelstrom.db$db$reify__16142@2c9573f1"]
 :max-writes-per-key 16
 :leave-db-running? false
 :name "unique-ids"
 :logging-json? false
 :start-time
 #object[org.joda.time.DateTime "0x4b954cbb" "2023-11-20T09:22:08.897-05:00"]
 :nemesis-interval 10
 :net
 #object[maelstrom.net$jepsen_net$reify__15251
         "0xbec2d81"
         "maelstrom.net$jepsen_net$reify__15251@bec2d81"]
 :client
 #object[maelstrom.workload.unique_ids$client$reify__20074
         "0x5f04449a"
         "maelstrom.workload.unique_ids$client$reify__20074@5f04449a"]
 :barrier
 #object[java.util.concurrent.CyclicBarrier
         "0x5634c26c"
         "java.util.concurrent.CyclicBarrier@5634c26c"]
 :log-stderr false
 :pure-generators true
 :ssh {:dummy? true}
 :rate 1000.0
 :checker
 #object[jepsen.checker$compose$reify__11881
         "0x37a5ac85"
         "jepsen.checker$compose$reify__11881@37a5ac85"]
 :argv
 ("test"
  "-w"
  "unique-ids"
  "--bin"
  "/Users/opsparkowl/go/bin/maelstrom-unique-ids"
  "--time-limit"
  "30"
  "--rate"
  "1000"
  "--node-count"
  "3"
  "--availability"
  "total"
  "--nemesis"
  "partition")
 :nemesis
 (jepsen.nemesis.ReflCompose
  {:fm {:start-partition 0,
        :stop-partition 0,
        :kill 1,
        :start 1,
        :pause 1,
        :resume 1},
   :nemeses [#unprintable "jepsen.nemesis.combined$partition_nemesis$reify__16416@5d4f0fd5"
             #unprintable "jepsen.nemesis.combined$db_nemesis$reify__16397@2092b072"]})
 :nodes ["n0" "n1" "n2"]
 :test-count 1
 :latency {:mean 0, :dist :constant}
 :bin "/Users/opsparkowl/go/bin/maelstrom-unique-ids"
 :generator
 (jepsen.generator.TimeLimit
  {:limit 30000000000,
   :cutoff nil,
   :gen (jepsen.generator.Any
         {:gens [(jepsen.generator.OnThreads
                  {:f #{:nemesis},
                   :context-filter #object[jepsen.generator.context$make_thread_filter$lazy_filter__9167
                                           "0x1df6f57d"
                                           "jepsen.generator.context$make_thread_filter$lazy_filter__9167@1df6f57d"],
                   :gen (jepsen.generator.Stagger
                         {:dt 20000000000,
                          :next-time nil,
                          :gen (jepsen.generator.FlipFlop
                                {:gens [#object[jepsen.nemesis.combined$partition_package$start__16420
                                                "0x578036a2"
                                                "jepsen.nemesis.combined$partition_package$start__16420@578036a2"]
                                        ({:type :info,
                                          :f :stop-partition,
                                          :value nil}
                                         {:type :info,
                                          :f :stop-partition,
                                          :value nil}
                                         {:type :info,
                                          :f :stop-partition,
                                          :value nil}
                                         {:type :info,
                                          :f :stop-partition,
                                          :value nil}
                                         {:type :info,
                                          :f :stop-partition,
                                          :value nil}
                                         {:type :info,
                                          :f :stop-partition,
                                          :value nil}
                                         {:type :info,
                                          :f :stop-partition,
                                          :value nil}
                                         {:type :info,
                                          :f :stop-partition,
                                          :value nil}
                                         ...)],
                                 :i 0})})})
                 (jepsen.generator.OnThreads
                  {:f #jepsen.generator.context.AllBut{:element :nemesis},
                   :context-filter #object[jepsen.generator.context$make_thread_filter$lazy_filter__9167
                                           "0x41d1bcbd"
                                           "jepsen.generator.context$make_thread_filter$lazy_filter__9167@41d1bcbd"],
                   :gen (jepsen.generator.Stagger
                         {:dt 2000000,
                          :next-time nil,
                          :gen (jepsen.generator.Repeat
                                {:remaining -1, :gen {:f :generate}})})})]})})
 :log-net-recv false
 :os
 #object[maelstrom.net$jepsen_os$reify__15254
         "0x6ba6f4e7"
         "maelstrom.net$jepsen_os$reify__15254@6ba6f4e7"]
 :time-limit 30
 :workload :unique-ids
 :consistency-models [:strict-serializable]
 :topology :grid}

2023-11-20 09:22:11,953{GMT}	INFO	[jepsen node n0] maelstrom.net: Starting Maelstrom network
2023-11-20 09:22:11,954{GMT}	INFO	[jepsen test runner] jepsen.db: Tearing down DB
2023-11-20 09:22:11,956{GMT}	INFO	[jepsen test runner] jepsen.db: Setting up DB
2023-11-20 09:22:11,958{GMT}	INFO	[jepsen node n1] maelstrom.db: Setting up n1
2023-11-20 09:22:11,958{GMT}	INFO	[jepsen node n2] maelstrom.db: Setting up n2
2023-11-20 09:22:11,960{GMT}	INFO	[jepsen node n1] maelstrom.process: launching /Users/opsparkowl/go/bin/maelstrom-unique-ids []
2023-11-20 09:22:11,960{GMT}	INFO	[jepsen node n2] maelstrom.process: launching /Users/opsparkowl/go/bin/maelstrom-unique-ids []
2023-11-20 09:22:11,961{GMT}	INFO	[jepsen node n0] maelstrom.service: Starting services: (lin-kv lin-tso lww-kv seq-kv)
2023-11-20 09:22:11,963{GMT}	INFO	[jepsen node n0] maelstrom.db: Setting up n0
2023-11-20 09:22:11,964{GMT}	INFO	[jepsen node n0] maelstrom.process: launching /Users/opsparkowl/go/bin/maelstrom-unique-ids []
2023-11-20 09:22:21,986{GMT}	INFO	[jepsen node n1] maelstrom.db: Tearing down n1
2023-11-20 09:22:21,986{GMT}	INFO	[jepsen node n2] maelstrom.db: Tearing down n2
2023-11-20 09:22:21,986{GMT}	INFO	[jepsen node n0] maelstrom.db: Tearing down n0
2023-11-20 09:22:22,987{GMT}	INFO	[jepsen node n0] maelstrom.net: Shutting down Maelstrom network
2023-11-20 09:22:22,991{GMT}	WARN	[jepsen test runner] jepsen.core: Test crashed!
clojure.lang.ExceptionInfo: Node n1 crashed with exit status 0. Before crashing, it wrote to STDOUT:



And to STDERR:



Full STDERR logs are available in /Users/opsparkowl/go/src/github.com/harveysanders/gossip-gloomers/maelstrom-unique-ids/store/unique-ids/20231120T092208.897-0500/node-logs/n1.log
	at slingshot.support$stack_trace.invoke(support.clj:201)
	at maelstrom.process$stop_node_BANG_.invokeStatic(process.clj:239)
	at maelstrom.process$stop_node_BANG_.invoke(process.clj:217)
	at maelstrom.db$db$reify__16142.teardown_BANG_(db.clj:75)
	at jepsen.db$fn__8744$G__8725__8748.invoke(db.clj:12)
	at jepsen.db$fn__8744$G__8724__8753.invoke(db.clj:12)
	at clojure.core$partial$fn__5908.invoke(core.clj:2642)
	at jepsen.control$on_nodes$fn__8599.invoke(control.clj:314)
	at clojure.lang.AFn.applyToHelper(AFn.java:154)
	at clojure.lang.AFn.applyTo(AFn.java:144)
	at clojure.core$apply.invokeStatic(core.clj:667)
	at clojure.core$with_bindings_STAR_.invokeStatic(core.clj:1990)
	at clojure.core$with_bindings_STAR_.doInvoke(core.clj:1990)
	at clojure.lang.RestFn.applyTo(RestFn.java:142)
	at clojure.core$apply.invokeStatic(core.clj:671)
	at clojure.core$bound_fn_STAR_$fn__5818.doInvoke(core.clj:2020)
	at clojure.lang.RestFn.invoke(RestFn.java:408)
	at dom_top.core$real_pmap_helper$build_thread__211$fn__212.invoke(core.clj:163)
	at clojure.lang.AFn.applyToHelper(AFn.java:152)
	at clojure.lang.AFn.applyTo(AFn.java:144)
	at clojure.core$apply.invokeStatic(core.clj:667)
	at clojure.core$with_bindings_STAR_.invokeStatic(core.clj:1990)
	at clojure.core$with_bindings_STAR_.doInvoke(core.clj:1990)
	at clojure.lang.RestFn.invoke(RestFn.java:425)
	at clojure.lang.AFn.applyToHelper(AFn.java:156)
	at clojure.lang.RestFn.applyTo(RestFn.java:132)
	at clojure.core$apply.invokeStatic(core.clj:671)
	at clojure.core$bound_fn_STAR_$fn__5818.doInvoke(core.clj:2020)
	at clojure.lang.RestFn.invoke(RestFn.java:397)
	at clojure.lang.AFn.run(AFn.java:22)
	at java.base/java.lang.Thread.run(Thread.java:829)
